[debug] [2023-04-04T02:36:46.099Z] ----------------------------------------------------------------------
[debug] [2023-04-04T02:36:46.103Z] Command:       C:\Program Files\nodejs\node.exe C:\Users\Fernando\AppData\Roaming\npm\node_modules\firebase-tools\lib\bin\firebase.js login
[debug] [2023-04-04T02:36:46.104Z] CLI Version:   11.25.2
[debug] [2023-04-04T02:36:46.104Z] Platform:      win32
[debug] [2023-04-04T02:36:46.104Z] Node Version:  v18.14.2
[debug] [2023-04-04T02:36:46.106Z] Time:          Mon Apr 03 2023 23:36:46 GMT-0300 (Horário Padrão de Brasília)
[debug] [2023-04-04T02:36:46.107Z] ----------------------------------------------------------------------
[debug] 
[debug] [2023-04-04T02:36:46.117Z] >>> [apiv2][query] GET https://firebase-public.firebaseio.com/cli.json [none]
[info] i  Firebase optionally collects CLI and Emulator Suite usage and error reporting information to help improve our products. Data is collected in accordance with Google's privacy policy (https://policies.google.com/privacy) and is not used to identify you.
 
[debug] [2023-04-04T02:36:46.661Z] <<< [apiv2][status] GET https://firebase-public.firebaseio.com/cli.json 200
[debug] [2023-04-04T02:36:46.662Z] <<< [apiv2][body] GET https://firebase-public.firebaseio.com/cli.json {"cloudBuildErrorAfter":1594252800000,"cloudBuildWarnAfter":1590019200000,"defaultNode10After":1594252800000,"minVersion":"3.0.5","node8DeploysDisabledAfter":1613390400000,"node8RuntimeDisabledAfter":1615809600000,"node8WarnAfter":1600128000000}
[info] i  To change your data collection preference at any time, run `firebase logout` and log in again. 
[info] 
[info] Visit this URL on this device to log in:
[info] https://accounts.google.com/o/oauth2/auth?client_id=563584335869-fgrhgmd47bqnekij5i8b5pr03ho849e6.apps.googleusercontent.com&scope=email%20openid%20https%3A%2F%2Fwww.googleapis.com%2Fauth%2Fcloudplatformprojects.readonly%20https%3A%2F%2Fwww.googleapis.com%2Fauth%2Ffirebase%20https%3A%2F%2Fwww.googleapis.com%2Fauth%2Fcloud-platform&response_type=code&state=312739890&redirect_uri=http%3A%2F%2Flocalhost%3A9005
[info] 
[info] Waiting for authentication...
[debug] [2023-04-04T02:50:50.057Z] Error: spawn cmd ENOENT
    at ChildProcess._handle.onexit (node:internal/child_process:283:19)
    at onErrorNT (node:internal/child_process:476:16)
    at process.processTicksAndRejections (node:internal/process/task_queues:82:21)
[error] 
[error] Error: An unexpected error has occurred.
[debug] [2023-04-04T02:51:16.542Z] ----------------------------------------------------------------------
[debug] [2023-04-04T02:51:16.547Z] Command:       C:\Program Files\nodejs\node.exe C:\Users\Fernando\AppData\Roaming\npm\node_modules\firebase-tools\lib\bin\firebase.js login
[debug] [2023-04-04T02:51:16.549Z] CLI Version:   11.25.2
[debug] [2023-04-04T02:51:16.549Z] Platform:      win32
[debug] [2023-04-04T02:51:16.549Z] Node Version:  v18.14.2
[debug] [2023-04-04T02:51:16.552Z] Time:          Mon Apr 03 2023 23:51:16 GMT-0300 (Horário Padrão de Brasília)
[debug] [2023-04-04T02:51:16.552Z] ----------------------------------------------------------------------
[debug] 
[info] i  Firebase optionally collects CLI and Emulator Suite usage and error reporting information to help improve our products. Data is collected in accordance with Google's privacy policy (https://policies.google.com/privacy) and is not used to identify you.
 
[info] i  To change your data collection preference at any time, run `firebase logout` and log in again. 
[info] 
[info] Visit this URL on this device to log in:
[info] https://accounts.google.com/o/oauth2/auth?client_id=563584335869-fgrhgmd47bqnekij5i8b5pr03ho849e6.apps.googleusercontent.com&scope=email%20openid%20https%3A%2F%2Fwww.googleapis.com%2Fauth%2Fcloudplatformprojects.readonly%20https%3A%2F%2Fwww.googleapis.com%2Fauth%2Ffirebase%20https%3A%2F%2Fwww.googleapis.com%2Fauth%2Fcloud-platform&response_type=code&state=573310092&redirect_uri=http%3A%2F%2Flocalhost%3A9005
[info] 
[info] Waiting for authentication...
[debug] [2023-04-04T02:51:23.743Z] Error: spawn cmd ENOENT
    at ChildProcess._handle.onexit (node:internal/child_process:283:19)
    at onErrorNT (node:internal/child_process:476:16)
    at process.processTicksAndRejections (node:internal/process/task_queues:82:21)
[error] 
[error] Error: An unexpected error has occurred.
[debug] [2023-04-04T02:52:09.053Z] ----------------------------------------------------------------------
[debug] [2023-04-04T02:52:09.060Z] Command:       C:\Program Files\nodejs\node.exe C:\Users\Fernando\AppData\Roaming\npm\node_modules\firebase-tools\lib\bin\firebase.js login
[debug] [2023-04-04T02:52:09.062Z] CLI Version:   11.25.2
[debug] [2023-04-04T02:52:09.062Z] Platform:      win32
[debug] [2023-04-04T02:52:09.062Z] Node Version:  v18.14.2
[debug] [2023-04-04T02:52:09.068Z] Time:          Mon Apr 03 2023 23:52:09 GMT-0300 (Horário Padrão de Brasília)
[debug] [2023-04-04T02:52:09.069Z] ----------------------------------------------------------------------
[debug] 
[info] i  Firebase optionally collects CLI and Emulator Suite usage and error reporting information to help improve our products. Data is collected in accordance with Google's privacy policy (https://policies.google.com/privacy) and is not used to identify you.
 
[info] i  To change your data collection preference at any time, run `firebase logout` and log in again. 
[info] 
[info] Visit this URL on this device to log in:
[info] https://accounts.google.com/o/oauth2/auth?client_id=563584335869-fgrhgmd47bqnekij5i8b5pr03ho849e6.apps.googleusercontent.com&scope=email%20openid%20https%3A%2F%2Fwww.googleapis.com%2Fauth%2Fcloudplatformprojects.readonly%20https%3A%2F%2Fwww.googleapis.com%2Fauth%2Ffirebase%20https%3A%2F%2Fwww.googleapis.com%2Fauth%2Fcloud-platform&response_type=code&state=435880101&redirect_uri=http%3A%2F%2Flocalhost%3A9005
[info] 
[info] Waiting for authentication...
[debug] [2023-04-04T02:52:12.150Z] Error: spawn cmd ENOENT
    at ChildProcess._handle.onexit (node:internal/child_process:283:19)
    at onErrorNT (node:internal/child_process:476:16)
    at process.processTicksAndRejections (node:internal/process/task_queues:82:21)
[error] 
[error] Error: An unexpected error has occurred.
